<?xml version="1.0" encoding="UTF-8"?>
<!-- Generated by org.testng.reporters.JUnitXMLReporter -->
<testsuite hostname="SYNPUNLT2ZCS0C2" ignored="0" name="Test_0" tests="1" failures="1" timestamp="2020-03-03T19:02:55 IST" time="197.765" errors="0">
  <testcase name="@AfterClass afterClass" time="4.089" classname="com.project1.testscripts.WebPageTestCase1">
    <failure type="org.openqa.selenium.WebDriverException" message="java.net.ConnectException: Failed to connect to localhost/0:0:0:0:0:0:0:1:18034
Build info: version: &amp;apos;3.141.59&amp;apos;, revision: &amp;apos;e82be7d358&amp;apos;, time: &amp;apos;2018-11-14T08:17:03&amp;apos;
System info: host: &amp;apos;SYNPUNLT2ZCS0C2&amp;apos;, ip: &amp;apos;172.20.135.126&amp;apos;, os.name: &amp;apos;Windows 8.1&amp;apos;, os.arch: &amp;apos;amd64&amp;apos;, os.version: &amp;apos;6.3&amp;apos;, java.version: &amp;apos;1.8.0_25&amp;apos;
Driver info: driver.version: Project1Driver">
      <![CDATA[org.openqa.selenium.WebDriverException: java.net.ConnectException: Failed to connect to localhost/0:0:0:0:0:0:0:1:18034
Build info: version: '3.141.59', revision: 'e82be7d358', time: '2018-11-14T08:17:03'
System info: host: 'SYNPUNLT2ZCS0C2', ip: '172.20.135.126', os.name: 'Windows 8.1', os.arch: 'amd64', os.version: '6.3', java.version: '1.8.0_25'
Driver info: driver.version: Project1Driver
at org.openqa.selenium.remote.service.DriverCommandExecutor.execute(DriverCommandExecutor.java:92)
at org.openqa.selenium.remote.RemoteWebDriver.execute(RemoteWebDriver.java:552)
at org.openqa.selenium.remote.RemoteWebDriver.execute(RemoteWebDriver.java:609)
at org.openqa.selenium.remote.RemoteWebDriver.quit(RemoteWebDriver.java:452)
at com.wma.framework.common.WebDriverFactory.quitWebDriver(WebDriverFactory.java:185)
at com.wma.framework.common.InitTest.quitDriver(InitTest.java:89)
at com.project1.testscripts.WebPageTestCase1.afterClass(WebPageTestCase1.java:62)
at java.util.ArrayList.forEach(ArrayList.java:1249)
at com.wma.framework.driver.DriverScript.startExecution(DriverScript.java:104)
at com.project1.driver.Project1Driver.main(Project1Driver.java:10)
Caused by: java.net.ConnectException: Failed to connect to localhost/0:0:0:0:0:0:0:1:18034
at okhttp3.internal.connection.RealConnection.connectSocket(RealConnection.java:247)
at okhttp3.internal.connection.RealConnection.connect(RealConnection.java:165)
at okhttp3.internal.connection.StreamAllocation.findConnection(StreamAllocation.java:257)
at okhttp3.internal.connection.StreamAllocation.findHealthyConnection(StreamAllocation.java:135)
at okhttp3.internal.connection.StreamAllocation.newStream(StreamAllocation.java:114)
at okhttp3.internal.connection.ConnectInterceptor.intercept(ConnectInterceptor.java:42)
at okhttp3.internal.http.RealInterceptorChain.proceed(RealInterceptorChain.java:147)
at okhttp3.internal.http.RealInterceptorChain.proceed(RealInterceptorChain.java:121)
at okhttp3.internal.cache.CacheInterceptor.intercept(CacheInterceptor.java:93)
at okhttp3.internal.http.RealInterceptorChain.proceed(RealInterceptorChain.java:147)
at okhttp3.internal.http.RealInterceptorChain.proceed(RealInterceptorChain.java:121)
at okhttp3.internal.http.BridgeInterceptor.intercept(BridgeInterceptor.java:93)
at okhttp3.internal.http.RealInterceptorChain.proceed(RealInterceptorChain.java:147)
at okhttp3.internal.http.RetryAndFollowUpInterceptor.intercept(RetryAndFollowUpInterceptor.java:126)
at okhttp3.internal.http.RealInterceptorChain.proceed(RealInterceptorChain.java:147)
at okhttp3.internal.http.RealInterceptorChain.proceed(RealInterceptorChain.java:121)
at okhttp3.RealCall.getResponseWithInterceptorChain(RealCall.java:200)
at okhttp3.RealCall.execute(RealCall.java:77)
at org.openqa.selenium.remote.internal.OkHttpClient.execute(OkHttpClient.java:103)
at org.openqa.selenium.remote.HttpCommandExecutor.execute(HttpCommandExecutor.java:155)
at org.openqa.selenium.remote.service.DriverCommandExecutor.execute(DriverCommandExecutor.java:83)
... 32 more
Caused by: java.net.ConnectException: Connection refused: connect
at java.net.DualStackPlainSocketImpl.waitForConnect(Native Method)
at java.net.DualStackPlainSocketImpl.socketConnect(DualStackPlainSocketImpl.java:85)
at java.net.AbstractPlainSocketImpl.doConnect(AbstractPlainSocketImpl.java:345)
at java.net.AbstractPlainSocketImpl.connectToAddress(AbstractPlainSocketImpl.java:206)
at java.net.AbstractPlainSocketImpl.connect(AbstractPlainSocketImpl.java:188)
at java.net.PlainSocketImpl.connect(PlainSocketImpl.java:172)
at java.net.SocksSocketImpl.connect(SocksSocketImpl.java:392)
at java.net.Socket.connect(Socket.java:589)
at okhttp3.internal.platform.Platform.connectSocket(Platform.java:129)
at okhttp3.internal.connection.RealConnection.connectSocket(RealConnection.java:245)
... 52 more
... Removed 23 stack frames]]>
    </failure>
  </testcase> <!-- @AfterClass afterClass -->
  <testcase name="test1" time="193.606" classname="com.project1.testscripts.WebPageTestCase1">
    <failure type="java.util.regex.PatternSyntaxException" message="Illegal character range near index 10
[^a-zA-ZQ-9]
          ^">
      <![CDATA[java.util.regex.PatternSyntaxException: Illegal character range near index 10
[^a-zA-ZQ-9]
          ^
at java.util.regex.Pattern.error(Pattern.java:1955)
at java.util.regex.Pattern.range(Pattern.java:2655)
at java.util.regex.Pattern.clazz(Pattern.java:2562)
at java.util.regex.Pattern.sequence(Pattern.java:2063)
at java.util.regex.Pattern.expr(Pattern.java:1996)
at java.util.regex.Pattern.compile(Pattern.java:1696)
at java.util.regex.Pattern.<init>(Pattern.java:1351)
at java.util.regex.Pattern.compile(Pattern.java:1028)
at java.lang.String.replaceAll(String.java:2210)
at com.wma.framework.util.ScreenShot.getScreenShot(ScreenShot.java:43)
at com.wma.framework.report.TestRailAndExtentReporter.log(TestRailAndExtentReporter.java:94)
at com.wma.framework.common.InitTest.finallyMethod(InitTest.java:138)
at com.project1.testscripts.WebPageTestCase1.test1(WebPageTestCase1.java:55)
at java.util.ArrayList.forEach(ArrayList.java:1249)
at com.wma.framework.driver.DriverScript.startExecution(DriverScript.java:104)
at com.project1.driver.Project1Driver.main(Project1Driver.java:10)
... Removed 25 stack frames]]>
    </failure>
  </testcase> <!-- test1 -->
</testsuite> <!-- Test_0 -->
