<?xml version="1.0" encoding="UTF-8"?>
<!-- Generated by org.testng.reporters.JUnitXMLReporter -->
<testsuite ignored="0" hostname="SYNPUNDT1192121" failures="1" tests="1" name="Test_0" time="132.228" errors="0" timestamp="20 Aug 2019 13:07:22 GMT">
  <testcase classname="com.project1.testscripts.TestCase1" name="test1" time="120.093">
    <failure type="java.lang.NullPointerException">
      <![CDATA[java.lang.NullPointerException
	at com.wma.framework.common.WebDriverFactory.createInstance(WebDriverFactory.java:139)
	at com.wma.framework.common.WebDriverFactory.getWebDriver(WebDriverFactory.java:158)
	at com.wma.framework.common.InitTest.getWebDriver(InitTest.java:64)
	at com.project1.testscripts.TestCase1.test1(TestCase1.java:25)
	at com.wma.framework.driver.DriverScript.startExecution(DriverScript.java:106)
	at com.project1.driver.Project1Driver.main(Project1Driver.java:10)
... Removed 22 stack frames]]>
    </failure>
  </testcase> <!-- test1 -->
</testsuite> <!-- Test_0 -->
